<?xml version="1.0" encoding="UTF-8"?>
<!-- Generated by org.testng.reporters.JUnitReportReporter -->
<testsuite hostname="harshas-MacBook-Pro.local" name="academy.Homepage" tests="2" failures="0" timestamp="19 Aug 2019 21:45:08 GMT" time="29.328" errors="0">
  <testcase name="basepageNavigation" time="14.830" classname="academy.Homepage"/>
  <testcase name="basepageNavigation" time="14.498" classname="academy.Homepage"/>
</testsuite> <!-- academy.Homepage -->
