<?xml version="1.0" encoding="UTF-8"?>
<!-- Generated by org.testng.reporters.JUnitReportReporter -->
<testsuite hostname="harshas-MacBook-Pro.local" name="academy.ValidateNavbar" tests="1" failures="0" timestamp="19 Aug 2019 21:45:08 GMT" time="0.078" errors="0">
  <testcase name="basepageNavigation" time="0.078" classname="academy.ValidateNavbar"/>
</testsuite> <!-- academy.ValidateNavbar -->
